17:13:27 INFO  =================== Start Program ======================== 
17:13:27 INFO  Hostname: BRENDEN-PC 
17:13:27 INFO  Operating System: Microsoft Windows NT 6.1.7601 Service Pack 1 
17:13:27 INFO  .NET version: 4.0.30319.42000 
17:13:27 INFO  Main form created 
17:13:31 INFO  User closing application 
17:13:31 INFO  =================== End Program ========================= 
17:57:45 INFO  =================== Start Program ======================== 
17:57:47 INFO  Hostname: BRENDEN-PC 
17:57:48 INFO  Operating System: Microsoft Windows NT 6.1.7601 Service Pack 1 
18:34:44 INFO  =================== Start Program ======================== 
18:34:44 INFO  Hostname: BRENDEN-PC 
18:34:44 INFO  Operating System: Microsoft Windows NT 6.1.7601 Service Pack 1 
18:34:44 INFO  .NET version: 4.0.30319.42000 
18:34:44 INFO  Main form created 
18:34:48 INFO  User closing application 
18:34:48 INFO  =================== End Program ========================= 
18:35:41 INFO  =================== Start Program ======================== 
18:35:41 INFO  Hostname: BRENDEN-PC 
18:35:41 INFO  Operating System: Microsoft Windows NT 6.1.7601 Service Pack 1 
18:35:41 INFO  .NET version: 4.0.30319.42000 
18:35:41 INFO  Main form created 
18:35:44 INFO  User closing application 
18:35:44 INFO  =================== End Program ========================= 
18:36:55 INFO  =================== Start Program ======================== 
18:36:55 INFO  Hostname: BRENDEN-PC 
18:36:55 INFO  Operating System: Microsoft Windows NT 6.1.7601 Service Pack 1 
18:36:55 INFO  .NET version: 4.0.30319.42000 
18:36:55 INFO  Main form created 
18:36:58 INFO  User closing application 
18:36:58 INFO  =================== End Program ========================= 
18:44:37 INFO  =================== Start Program ======================== 
18:44:37 INFO  Hostname: BRENDEN-PC 
18:44:37 INFO  Operating System: Microsoft Windows NT 6.1.7601 Service Pack 1 
18:44:37 INFO  .NET version: 4.0.30319.42000 
18:44:37 INFO  Main form created 
18:44:40 INFO  User closing application 
18:44:40 INFO  =================== End Program ========================= 
